Automatic saving is now disabled[0m
[0mSaving the game (this may take a moment!)[0m
Saved the game[0m
[0mAutomatic saving is now enabled[0m
[0mAlready up to date.
add 'Vault-Hunters/DIM-1/data/raids.dat'
add 'Vault-Hunters/DIM1/data/raids_end.dat'
add 'Vault-Hunters/data/raids.dat'
add 'Vault-Hunters/dimensions/appliedenergistics2/spatial_storage/data/raids.dat'
add 'Vault-Hunters/dimensions/the_vault/the_other_side/data/raids.dat'
add 'Vault-Hunters/dimensions/the_vault/vault/data/raids.dat'
add 'Vault-Hunters/level.dat'
add 'Vault-Hunters/level.dat_old'
add 'Vault-Hunters/region/r.-1.-1.mca'
add 'Vault-Hunters/region/r.0.-1.mca'
add 'Vault-Hunters/region/r.0.0.mca'
add 'Vault-Hunters/region/r.32347.-43444.mca'
add 'Vault-Hunters/region/r.43103.-8175.mca'
add 'gc.log.0.current'
add 'logs/debug.log'
add 'logs/latest.log'
add 'mc_cron.log'
[main 229f34e] automatic backup.
 17 files changed, 73 insertions(+), 1 deletion(-)
 rewrite mc_cron.log (100%)
To github.com:Phred7/minecraft_server_modded.git
   09c856d..229f34e  main -> main
Starting backup to github.
*************** Pulling ***************
*************** Done Pulling ***************

*************** Adding Changes ***************
*************** Done Adding Changes ***************

*************** Commiting ***************
*************** Done Commiting ***************

*************** Pushing ***************
*************** Done Pushing ***************

Backup to github complete.
