[31May2022 00:11:38.563] [Server thread/WARN] [net.minecraft.world.TrackedEntity/]: Fetching packet for removed entity ItemEntity['Air'/1771259, l='ServerLevel[Vault-Hunters]', x=-648.70, y=70.00, z=-380.91]
[31May2022 00:23:45.711] [Server thread/WARN] [net.minecraft.world.TrackedEntity/]: Fetching packet for removed entity ItemEntity['Air'/1773257, l='ServerLevel[Vault-Hunters]', x=-649.43, y=70.00, z=-379.34]
[31May2022 00:43:36.263] [Server thread/WARN] [net.minecraft.world.TrackedEntity/]: Fetching packet for removed entity ItemEntity['Air'/1776991, l='ServerLevel[Vault-Hunters]', x=-650.61, y=70.00, z=-378.64]
[31May2022 00:51:18.063] [Server thread/WARN] [net.minecraft.world.TrackedEntity/]: Fetching packet for removed entity ItemEntity['Air'/1778285, l='ServerLevel[Vault-Hunters]', x=-650.28, y=70.00, z=-377.43]
[31May2022 00:58:15.360] [Server thread/WARN] [net.minecraft.world.TrackedEntity/]: Fetching packet for removed entity ItemEntity['Air'/1779624, l='ServerLevel[Vault-Hunters]', x=-648.03, y=70.00, z=-381.29]
[31May2022 01:03:08.061] [Server thread/WARN] [net.minecraft.world.TrackedEntity/]: Fetching packet for removed entity ItemEntity['Air'/1780327, l='ServerLevel[Vault-Hunters]', x=-649.10, y=70.00, z=-376.83]
[31May2022 01:04:06.217] [Server thread/WARN] [net.minecraft.world.TrackedEntity/]: Fetching packet for removed entity ItemEntity['Air'/1780496, l='ServerLevel[Vault-Hunters]', x=-652.58, y=70.00, z=-380.90]
[31May2022 01:08:07.772] [Server thread/WARN] [net.minecraft.world.TrackedEntity/]: Fetching packet for removed entity ItemEntity['Air'/1781163, l='ServerLevel[Vault-Hunters]', x=-647.98, y=70.00, z=-381.09]
[31May2022 01:19:01.411] [Server thread/WARN] [net.minecraft.world.TrackedEntity/]: Fetching packet for removed entity ItemEntity['Air'/1783292, l='ServerLevel[Vault-Hunters]', x=-652.42, y=70.00, z=-377.34]
[31May2022 01:21:31.913] [Server thread/WARN] [net.minecraft.world.TrackedEntity/]: Fetching packet for removed entity ItemEntity['Air'/1783665, l='ServerLevel[Vault-Hunters]', x=-651.71, y=70.00, z=-378.53]
[31May2022 01:42:00.560] [Server thread/WARN] [net.minecraft.world.TrackedEntity/]: Fetching packet for removed entity ItemEntity['Air'/1787037, l='ServerLevel[Vault-Hunters]', x=-648.28, y=70.00, z=-377.84]
[31May2022 01:50:13.312] [Server thread/WARN] [net.minecraft.world.TrackedEntity/]: Fetching packet for removed entity ItemEntity['Air'/1788372, l='ServerLevel[Vault-Hunters]', x=-652.52, y=70.00, z=-380.67]
[31May2022 02:02:21.613] [Server thread/WARN] [net.minecraft.world.TrackedEntity/]: Fetching packet for removed entity ItemEntity['Air'/1790321, l='ServerLevel[Vault-Hunters]', x=-652.53, y=70.00, z=-378.12]
[31May2022 02:03:46.215] [Server thread/WARN] [net.minecraft.world.TrackedEntity/]: Fetching packet for removed entity ItemEntity['Air'/1790485, l='ServerLevel[Vault-Hunters]', x=-652.22, y=70.00, z=-378.11]
[31May2022 02:04:56.562] [Server thread/WARN] [net.minecraft.world.TrackedEntity/]: Fetching packet for removed entity ItemEntity['Air'/1790627, l='ServerLevel[Vault-Hunters]', x=-652.98, y=70.00, z=-377.93]
[31May2022 02:10:58.561] [Server thread/WARN] [net.minecraft.world.TrackedEntity/]: Fetching packet for removed entity ItemEntity['Air'/1791662, l='ServerLevel[Vault-Hunters]', x=-648.52, y=70.00, z=-377.94]
[31May2022 02:27:44.360] [Server thread/WARN] [net.minecraft.world.TrackedEntity/]: Fetching packet for removed entity ItemEntity['Air'/1794358, l='ServerLevel[Vault-Hunters]', x=-651.41, y=70.00, z=-378.53]
[31May2022 02:35:30.711] [Server thread/INFO] [net.minecraft.network.play.ServerPlayNetHandler/]: Phred7 lost connection: Disconnected
[31May2022 02:35:30.712] [Server thread/INFO] [net.minecraft.server.dedicated.DedicatedServer/]: Phred7 left the game
[31May2022 08:00:00.328] [Server thread/INFO] [iskallia.vault.Vault/]: Reset SoulShard Trades!
[31May2022 16:45:07.551] [User Authenticator #29/INFO] [net.minecraft.network.login.ServerLoginNetHandler/]: UUID of player Nave808 is edaf0a37-e3b3-490a-8626-dbfac2b1f3f7
[31May2022 16:45:21.042] [Server thread/INFO] [net.minecraftforge.common.AdvancementLoadFix/]: Using new advancement loading for net.minecraft.advancements.PlayerAdvancements@56755c2c
[31May2022 16:45:21.140] [Server thread/INFO] [net.minecraft.server.management.PlayerList/]: Nave808[/69.146.86.145:54769] logged in with entity id 1800285 at (-674.2819047298634, 72.0, -366.165405754364)
[31May2022 16:45:21.149] [Server thread/INFO] [net.minecraft.server.dedicated.DedicatedServer/]: Nave808 joined the game
[31May2022 16:45:21.172] [Server thread/INFO] [Waila/]: Syncing config to Nave808 (edaf0a37-e3b3-490a-8626-dbfac2b1f3f7)
[31May2022 16:47:41.365] [Server thread/WARN] [net.minecraft.world.TrackedEntity/]: Fetching packet for removed entity ItemEntity['Air'/1801501, l='ServerLevel[Vault-Hunters]', x=-648.73, y=70.00, z=-378.10]
[31May2022 16:47:43.364] [Server thread/WARN] [net.minecraft.world.TrackedEntity/]: Fetching packet for removed entity ItemEntity['Air'/1801519, l='ServerLevel[Vault-Hunters]', x=-648.30, y=70.00, z=-380.85]
[31May2022 16:50:19.913] [Server thread/WARN] [net.minecraft.world.TrackedEntity/]: Fetching packet for removed entity ItemEntity['Oak Stairs'/1802902, l='ServerLevel[Vault-Hunters]', x=-710.60, y=70.32, z=-363.33]
[31May2022 16:50:20.715] [Server thread/WARN] [net.minecraft.world.TrackedEntity/]: Fetching packet for removed entity ItemEntity['Oak Stairs'/1802908, l='ServerLevel[Vault-Hunters]', x=-710.33, y=70.34, z=-364.65]
[31May2022 16:50:21.812] [Server thread/WARN] [net.minecraft.world.TrackedEntity/]: Fetching packet for removed entity ItemEntity['Oak Stairs'/1802911, l='ServerLevel[Vault-Hunters]', x=-710.50, y=70.32, z=-365.74]
[31May2022 16:50:22.365] [Server thread/WARN] [net.minecraft.world.TrackedEntity/]: Fetching packet for removed entity ItemEntity['Oak Stairs'/1802913, l='ServerLevel[Vault-Hunters]', x=-710.39, y=70.65, z=-366.43]
[31May2022 16:50:22.911] [Server thread/WARN] [net.minecraft.world.TrackedEntity/]: Fetching packet for removed entity ItemEntity['Oak Stairs'/1802915, l='ServerLevel[Vault-Hunters]', x=-710.64, y=70.27, z=-367.31]
[31May2022 16:50:23.561] [Server thread/WARN] [net.minecraft.world.TrackedEntity/]: Fetching packet for removed entity ItemEntity['Oak Stairs'/1802917, l='ServerLevel[Vault-Hunters]', x=-710.74, y=70.31, z=-368.58]
[31May2022 16:51:42.393] [Server thread/WARN] [net.minecraft.network.play.ServerPlayNetHandler/]: Nave808 moved wrongly!
[31May2022 16:53:09.715] [Server thread/WARN] [net.minecraft.world.TrackedEntity/]: Fetching packet for removed entity ItemEntity['Stone Bricks'/1803854, l='ServerLevel[Vault-Hunters]', x=-710.36, y=70.26, z=-365.39]
[31May2022 16:53:39.816] [Server thread/WARN] [net.minecraft.server.management.PlayerInteractionManager/]: Mismatch in destroy block pos: BlockPos{x=-706, y=60, z=-366} BlockPos{x=-706, y=59, z=-365}
[31May2022 16:53:44.132] [Server thread/WARN] [net.minecraft.server.management.PlayerInteractionManager/]: Mismatch in destroy block pos: BlockPos{x=-708, y=60, z=-361} BlockPos{x=-708, y=59, z=-360}
[31May2022 16:54:13.364] [Server thread/WARN] [net.minecraft.world.TrackedEntity/]: Fetching packet for removed entity ItemEntity['Air'/1804221, l='ServerLevel[Vault-Hunters]', x=-647.83, y=70.00, z=-380.03]
[31May2022 16:56:28.815] [Server thread/WARN] [net.minecraft.world.TrackedEntity/]: Fetching packet for removed entity ItemEntity['Oak Stairs'/1804894, l='ServerLevel[Vault-Hunters]', x=-701.65, y=69.48, z=-373.56]
[31May2022 16:58:45.264] [Server thread/WARN] [net.minecraft.world.TrackedEntity/]: Fetching packet for removed entity ItemEntity['Oak Planks'/1805670, l='ServerLevel[Vault-Hunters]', x=-724.36, y=62.61, z=-369.67]
[31May2022 16:58:45.812] [Server thread/WARN] [net.minecraft.world.TrackedEntity/]: Fetching packet for removed entity ItemEntity['Oak Planks'/1805672, l='ServerLevel[Vault-Hunters]', x=-724.61, y=62.51, z=-370.43]
[31May2022 17:17:37.125] [Server thread/WARN] [net.minecraft.world.TrackedEntity/]: Fetching packet for removed entity ItemEntity['Air'/1811209, l='ServerLevel[Vault-Hunters]', x=-647.83, y=70.00, z=-376.83]
[31May2022 17:26:55.063] [Server thread/WARN] [net.minecraft.world.TrackedEntity/]: Fetching packet for removed entity ItemEntity['Oak Planks'/1814098, l='ServerLevel[Vault-Hunters]', x=-713.65, y=74.56, z=-353.26]
[31May2022 17:30:26.811] [Server thread/WARN] [net.minecraft.world.TrackedEntity/]: Fetching packet for removed entity ItemEntity['Composter'/1815067, l='ServerLevel[Vault-Hunters]', x=-712.69, y=70.34, z=-360.58]
[31May2022 17:36:58.814] [Server thread/WARN] [net.minecraft.world.TrackedEntity/]: Fetching packet for removed entity ItemEntity['Oak Slab'/1817157, l='ServerLevel[Vault-Hunters]', x=-713.60, y=72.41, z=-355.29]
[31May2022 17:38:55.860] [Server thread/WARN] [net.minecraft.world.TrackedEntity/]: Fetching packet for removed entity ItemEntity['Air'/1817672, l='ServerLevel[Vault-Hunters]', x=-710.30, y=71.38, z=-354.49]
[31May2022 17:38:56.613] [Server thread/WARN] [net.minecraft.world.TrackedEntity/]: Fetching packet for removed entity ItemEntity['Air'/1817684, l='ServerLevel[Vault-Hunters]', x=-710.30, y=71.38, z=-354.49]
[31May2022 17:38:57.365] [Server thread/WARN] [net.minecraft.world.TrackedEntity/]: Fetching packet for removed entity ItemEntity['Air'/1817694, l='ServerLevel[Vault-Hunters]', x=-710.30, y=71.38, z=-354.49]
[31May2022 17:38:58.125] [Server thread/WARN] [net.minecraft.world.TrackedEntity/]: Fetching packet for removed entity ItemEntity['Air'/1817711, l='ServerLevel[Vault-Hunters]', x=-710.30, y=71.38, z=-354.49]
[31May2022 17:40:30.761] [Server thread/WARN] [net.minecraft.world.TrackedEntity/]: Fetching packet for removed entity ItemEntity['Air'/1818079, l='ServerLevel[Vault-Hunters]', x=-647.83, y=70.00, z=-376.83]
[31May2022 17:40:37.711] [Server thread/WARN] [net.minecraft.world.TrackedEntity/]: Fetching packet for removed entity ItemEntity['Air'/1818105, l='ServerLevel[Vault-Hunters]', x=-709.70, y=71.38, z=-354.50]
[31May2022 17:44:10.762] [Server thread/WARN] [net.minecraft.world.TrackedEntity/]: Fetching packet for removed entity ItemEntity['Air'/1818779, l='ServerLevel[Vault-Hunters]', x=-647.83, y=70.00, z=-377.81]
[31May2022 17:45:29.964] [Server thread/WARN] [com.performant.coremod.Performant/]: Found 153 stacked items at position:BlockPos{x=-711, y=71, z=-368} in minecraft:overworld , use the maxItems config to adjust the warning threshold.
[31May2022 17:47:57.613] [Server thread/WARN] [net.minecraft.world.TrackedEntity/]: Fetching packet for removed entity ItemEntity['Spruce Stairs'/1820547, l='ServerLevel[Vault-Hunters]', x=-713.50, y=70.29, z=-368.27]
[31May2022 17:48:01.065] [Server thread/WARN] [net.minecraft.world.TrackedEntity/]: Fetching packet for removed entity ItemEntity['Spruce Stairs'/1820564, l='ServerLevel[Vault-Hunters]', x=-713.38, y=70.53, z=-368.29]
[31May2022 17:48:02.060] [Server thread/WARN] [net.minecraft.world.TrackedEntity/]: Fetching packet for removed entity ItemEntity['Air'/1820567, l='ServerLevel[Vault-Hunters]', x=-648.28, y=70.00, z=-378.44]
[31May2022 17:48:04.511] [Server thread/WARN] [net.minecraft.world.TrackedEntity/]: Fetching packet for removed entity ItemEntity['Spruce Stairs'/1820574, l='ServerLevel[Vault-Hunters]', x=-713.44, y=70.63, z=-368.69]
[31May2022 17:48:30.616] [Server thread/WARN] [net.minecraft.world.TrackedEntity/]: Fetching packet for removed entity ItemEntity['Beetroot Seeds'/1820689, l='ServerLevel[Vault-Hunters]', x=-713.63, y=70.20, z=-362.70]
[31May2022 17:48:30.616] [Server thread/WARN] [net.minecraft.world.TrackedEntity/]: Fetching packet for removed entity ItemEntity['Carrot'/1820690, l='ServerLevel[Vault-Hunters]', x=-713.73, y=70.39, z=-362.16]
[31May2022 17:48:30.616] [Server thread/WARN] [net.minecraft.world.TrackedEntity/]: Fetching packet for removed entity ItemEntity['Carrot'/1820691, l='ServerLevel[Vault-Hunters]', x=-713.73, y=70.39, z=-362.16]
[31May2022 17:48:30.616] [Server thread/WARN] [net.minecraft.world.TrackedEntity/]: Fetching packet for removed entity ItemEntity['Carrot'/1820692, l='ServerLevel[Vault-Hunters]', x=-713.73, y=70.39, z=-362.16]
[31May2022 17:48:30.616] [Server thread/WARN] [net.minecraft.world.TrackedEntity/]: Fetching packet for removed entity ItemEntity['Potato'/1820693, l='ServerLevel[Vault-Hunters]', x=-713.63, y=70.05, z=-362.60]
[31May2022 17:48:30.616] [Server thread/WARN] [net.minecraft.world.TrackedEntity/]: Fetching packet for removed entity ItemEntity['Potato'/1820694, l='ServerLevel[Vault-Hunters]', x=-713.63, y=70.05, z=-362.60]
[31May2022 17:48:30.616] [Server thread/WARN] [net.minecraft.world.TrackedEntity/]: Fetching packet for removed entity ItemEntity['Crystal Barrel'/1820695, l='ServerLevel[Vault-Hunters]', x=-713.57, y=70.43, z=-362.51]
[31May2022 17:48:38.012] [Server thread/WARN] [net.minecraft.world.TrackedEntity/]: Fetching packet for removed entity ItemEntity['Spruce Stairs'/1820716, l='ServerLevel[Vault-Hunters]', x=-712.37, y=70.29, z=-363.36]
[31May2022 17:48:49.010] [Server thread/WARN] [net.minecraft.world.TrackedEntity/]: Fetching packet for removed entity ItemEntity['Crafting Table'/1820742, l='ServerLevel[Vault-Hunters]', x=-708.35, y=70.57, z=-363.72]
[31May2022 17:49:14.411] [Server thread/WARN] [net.minecraft.world.TrackedEntity/]: Fetching packet for removed entity ItemEntity['Spruce Stairs'/1820813, l='ServerLevel[Vault-Hunters]', x=-713.62, y=70.34, z=-369.65]
[31May2022 17:57:32.264] [Server thread/WARN] [net.minecraft.world.TrackedEntity/]: Fetching packet for removed entity ItemEntity['Air'/1823014, l='ServerLevel[Vault-Hunters]', x=-648.21, y=70.00, z=-378.95]
[31May2022 18:04:23.261] [Server thread/WARN] [net.minecraft.world.TrackedEntity/]: Fetching packet for removed entity ItemEntity['Oak Ladder'/1824859, l='ServerLevel[Vault-Hunters]', x=-713.62, y=63.30, z=-368.42]
[31May2022 18:04:23.262] [Server thread/WARN] [net.minecraft.world.TrackedEntity/]: Fetching packet for removed entity ItemEntity['Oak Ladder'/1824860, l='ServerLevel[Vault-Hunters]', x=-713.59, y=62.63, z=-368.43]
[31May2022 18:04:46.128] [Server thread/WARN] [net.minecraft.world.TrackedEntity/]: Fetching packet for removed entity ItemEntity['Air'/1824993, l='ServerLevel[Vault-Hunters]', x=-648.96, y=70.00, z=-377.17]
[31May2022 18:10:03.613] [Server thread/WARN] [net.minecraft.world.TrackedEntity/]: Fetching packet for removed entity ItemEntity['Air'/1826018, l='ServerLevel[Vault-Hunters]', x=-647.83, y=70.00, z=-378.42]
[31May2022 18:16:37.612] [Server thread/WARN] [net.minecraft.network.play.ServerPlayNetHandler/]: Nave808 moved wrongly!
[31May2022 18:17:47.260] [Server thread/WARN] [net.minecraft.world.TrackedEntity/]: Fetching packet for removed entity ItemEntity['Air'/1828382, l='ServerLevel[Vault-Hunters]', x=-652.46, y=70.00, z=-380.02]
[31May2022 18:20:00.210] [Server thread/INFO] [net.minecraft.network.play.ServerPlayNetHandler/]: Nave808 lost connection: Disconnected
[31May2022 18:20:00.210] [Server thread/INFO] [net.minecraft.server.dedicated.DedicatedServer/]: Nave808 left the game
[31May2022 18:20:27.601] [Server thread/INFO] [FTB Utilities Backups/]: Server Backup started!
[31May2022 18:20:27.601] [Server thread/INFO] [net.minecraft.server.dedicated.DedicatedServer/]: Server Backup started!
[31May2022 18:20:27.662] [Thread-3374/INFO] [FTB Utilities Backups/]: Deleting old backup: 2022-05-27-08-12-56.zip
[31May2022 18:20:27.673] [Thread-3374/INFO] [FTB Utilities Backups/]: Backing up 3399 files...
[31May2022 18:20:27.673] [Thread-3374/INFO] [FTB Utilities Backups/]: Compressing 3399 files...
[31May2022 18:22:51.132] [Thread-3374/INFO] [FTB Utilities Backups/]: Done compressing in 02:23 seconds (3.0GB)!
[31May2022 18:22:51.132] [Thread-3374/INFO] [FTB Utilities Backups/]: Created /home/phred7/minecraft_servers/minecraft_server_modded/backups/2022-05-31-18-20-27.zip from /home/phred7/minecraft_servers/minecraft_server_modded/Vault-Hunters
[31May2022 18:22:51.150] [Thread-3374/INFO] [net.minecraft.server.dedicated.DedicatedServer/]: Server backup done in 02:23! (3.0GB | 10.9GB)
[31May2022 18:58:39.150] [User Authenticator #30/INFO] [net.minecraft.network.login.ServerLoginNetHandler/]: UUID of player Nave808 is edaf0a37-e3b3-490a-8626-dbfac2b1f3f7
[31May2022 18:58:52.040] [Server thread/INFO] [net.minecraftforge.common.AdvancementLoadFix/]: Using new advancement loading for net.minecraft.advancements.PlayerAdvancements@2e863ea2
[31May2022 18:58:52.145] [Server thread/INFO] [net.minecraft.server.management.PlayerList/]: Nave808[/69.146.86.145:62297] logged in with entity id 1830279 at (-845.6858912792912, 94.0, -390.57503665170935)
[31May2022 18:58:52.152] [Server thread/INFO] [net.minecraft.server.dedicated.DedicatedServer/]: Nave808 joined the game
[31May2022 18:58:52.166] [Server thread/INFO] [Waila/]: Syncing config to Nave808 (edaf0a37-e3b3-490a-8626-dbfac2b1f3f7)
[31May2022 19:00:36.260] [Server thread/INFO] [net.minecraft.network.play.ServerPlayNetHandler/]: Nave808 lost connection: Disconnected
[31May2022 19:00:36.260] [Server thread/INFO] [net.minecraft.server.dedicated.DedicatedServer/]: Nave808 left the game
[31May2022 19:00:57.570] [User Authenticator #31/INFO] [net.minecraft.network.login.ServerLoginNetHandler/]: UUID of player Nave808 is edaf0a37-e3b3-490a-8626-dbfac2b1f3f7
[31May2022 19:01:08.797] [Server thread/INFO] [net.minecraftforge.common.AdvancementLoadFix/]: Using new advancement loading for net.minecraft.advancements.PlayerAdvancements@72555960
[31May2022 19:01:08.910] [Server thread/INFO] [net.minecraft.server.management.PlayerList/]: Nave808[/69.146.86.145:62315] logged in with entity id 1832257 at (-840.3000000119209, 96.66410916839936, -389.2376174426188)
[31May2022 19:01:08.916] [Server thread/INFO] [net.minecraft.server.dedicated.DedicatedServer/]: Nave808 joined the game
[31May2022 19:01:08.931] [Server thread/INFO] [Waila/]: Syncing config to Nave808 (edaf0a37-e3b3-490a-8626-dbfac2b1f3f7)
[31May2022 19:02:14.161] [Server thread/INFO] [net.minecraft.server.dedicated.DedicatedServer/]: Saving the game (this may take a moment!)
[31May2022 19:02:14.411] [Server thread/INFO] [net.minecraft.server.dedicated.DedicatedServer/]: Saved the game
[31May2022 19:02:20.715] [Server thread/INFO] [net.minecraft.server.dedicated.DedicatedServer/]: Automatic saving is now disabled
[31May2022 19:03:39.135] [Server thread/WARN] [net.minecraft.network.play.ServerPlayNetHandler/]: Nave808 moved wrongly!
[31May2022 19:04:43.358] [Server thread/INFO] [net.minecraft.network.play.ServerPlayNetHandler/]: Nave808 lost connection: Disconnected
[31May2022 19:04:43.358] [Server thread/INFO] [net.minecraft.server.dedicated.DedicatedServer/]: Nave808 left the game
[31May2022 19:04:43.507] [Server thread/WARN] [net.minecraft.world.server.ServerWorld/]: Entity CodEntity['Cod'/1834330, l='ServerLevel[Vault-Hunters]', x=-725.80, y=59.97, z=-399.97] left loaded chunk area
[31May2022 19:05:01.476] [User Authenticator #32/INFO] [net.minecraft.network.login.ServerLoginNetHandler/]: UUID of player Nave808 is edaf0a37-e3b3-490a-8626-dbfac2b1f3f7
[31May2022 19:05:13.137] [Server thread/INFO] [net.minecraftforge.common.AdvancementLoadFix/]: Using new advancement loading for net.minecraft.advancements.PlayerAdvancements@49d80076
[31May2022 19:05:13.243] [Server thread/INFO] [net.minecraft.server.management.PlayerList/]: Nave808[/69.146.86.145:58755] logged in with entity id 1834358 at (-683.1461272163581, 74.10024767773629, -366.7291977452851)
[31May2022 19:05:13.249] [Server thread/INFO] [net.minecraft.server.dedicated.DedicatedServer/]: Nave808 joined the game
[31May2022 19:05:13.255] [Server thread/INFO] [Waila/]: Syncing config to Nave808 (edaf0a37-e3b3-490a-8626-dbfac2b1f3f7)
