Connection failed.
Error 113: No route to host
Already up to date.
add 'Vault-Hunters/DIM-1/data/raids.dat'
add 'Vault-Hunters/DIM-1/region/r.-1.-1.mca'
add 'Vault-Hunters/DIM1/data/raids_end.dat'
add 'Vault-Hunters/advancements/b8bed4fd-6c2f-4f4f-a216-118ed8719365.json'
add 'Vault-Hunters/data/ImmersiveEngineering-SaveData.dat'
add 'Vault-Hunters/data/buildinggadgets_template_save.dat'
add 'Vault-Hunters/data/command_storage_durability_ping.dat'
add 'Vault-Hunters/data/idcounts.dat'
add 'Vault-Hunters/data/raids.dat'
add 'Vault-Hunters/data/refinedstorage_disks.dat'
add 'Vault-Hunters/data/refinedstorage_networks.dat'
add 'Vault-Hunters/data/refinedstorage_nodes.dat'
add 'Vault-Hunters/data/scoreboard.dat'
add 'Vault-Hunters/data/simplybackpacks_backpack_data.dat'
add 'Vault-Hunters/data/the_vault_Eternals.dat'
add 'Vault-Hunters/data/the_vault_PhoenixModifier.dat'
add 'Vault-Hunters/data/the_vault_PlayerAbilities.dat'
add 'Vault-Hunters/data/the_vault_PlayerAltarRecipes.dat'
add 'Vault-Hunters/data/the_vault_PlayerStats.dat'
add 'Vault-Hunters/data/the_vault_PlayerVaultLevels.dat'
add 'Vault-Hunters/data/the_vault_SoulShardTrader.dat'
add 'Vault-Hunters/data/the_vault_VaultRaid.dat'
add 'Vault-Hunters/data/waystones.dat'
add 'Vault-Hunters/dimensions/appliedenergistics2/spatial_storage/data/raids.dat'
add 'Vault-Hunters/dimensions/the_vault/the_other_side/data/raids.dat'
add 'Vault-Hunters/dimensions/the_vault/vault/data/raids.dat'
add 'Vault-Hunters/dimensions/the_vault/vault/poi/r.4031.6.mca'
add 'Vault-Hunters/dimensions/the_vault/vault/poi/r.4031.7.mca'
add 'Vault-Hunters/dimensions/the_vault/vault/poi/r.4032.7.mca'
add 'Vault-Hunters/dimensions/the_vault/vault/region/r.-2.-1.mca'
add 'Vault-Hunters/dimensions/the_vault/vault/region/r.0.0.mca'
add 'Vault-Hunters/dimensions/the_vault/vault/region/r.4030.7.mca'
add 'Vault-Hunters/dimensions/the_vault/vault/region/r.4030.8.mca'
add 'Vault-Hunters/dimensions/the_vault/vault/region/r.4031.6.mca'
add 'Vault-Hunters/dimensions/the_vault/vault/region/r.4031.7.mca'
add 'Vault-Hunters/dimensions/the_vault/vault/region/r.4031.8.mca'
add 'Vault-Hunters/dimensions/the_vault/vault/region/r.4032.6.mca'
add 'Vault-Hunters/dimensions/the_vault/vault/region/r.4032.7.mca'
add 'Vault-Hunters/dimensions/the_vault/vault/region/r.4032.8.mca'
add 'Vault-Hunters/dimensions/the_vault/vault/region/r.4033.6.mca'
add 'Vault-Hunters/dimensions/the_vault/vault/region/r.4033.7.mca'
add 'Vault-Hunters/dimensions/the_vault/vault/region/r.4033.8.mca'
add 'Vault-Hunters/level.dat'
add 'Vault-Hunters/level.dat_old'
add 'Vault-Hunters/playerdata/7b32f24d-ed03-4bd7-a77c-f948cfe5052a.dat'
add 'Vault-Hunters/playerdata/7b32f24d-ed03-4bd7-a77c-f948cfe5052a.dat_old'
add 'Vault-Hunters/playerdata/b8bed4fd-6c2f-4f4f-a216-118ed8719365.dat'
add 'Vault-Hunters/playerdata/b8bed4fd-6c2f-4f4f-a216-118ed8719365.dat_old'
add 'Vault-Hunters/playerdata/edaf0a37-e3b3-490a-8626-dbfac2b1f3f7.dat'
add 'Vault-Hunters/playerdata/edaf0a37-e3b3-490a-8626-dbfac2b1f3f7.dat_old'
add 'Vault-Hunters/poi/r.-2.-1.mca'
add 'Vault-Hunters/poi/r.1.-2.mca'
add 'Vault-Hunters/poi/r.2.-4.mca'
add 'Vault-Hunters/poi/r.4.-7.mca'
add 'Vault-Hunters/poi/r.5.-7.mca'
add 'Vault-Hunters/region/r.-1.-1.mca'
add 'Vault-Hunters/region/r.-1.-2.mca'
add 'Vault-Hunters/region/r.-1.-3.mca'
add 'Vault-Hunters/region/r.-1.-4.mca'
add 'Vault-Hunters/region/r.-1.-5.mca'
add 'Vault-Hunters/region/r.-1.-6.mca'
add 'Vault-Hunters/region/r.-1.0.mca'
add 'Vault-Hunters/region/r.-2.-1.mca'
add 'Vault-Hunters/region/r.-2.-2.mca'
add 'Vault-Hunters/region/r.-2.-3.mca'
add 'Vault-Hunters/region/r.-2.-4.mca'
add 'Vault-Hunters/region/r.-2.-5.mca'
add 'Vault-Hunters/region/r.-2.-6.mca'
add 'Vault-Hunters/region/r.-2.0.mca'
add 'Vault-Hunters/region/r.-3.-1.mca'
add 'Vault-Hunters/region/r.-3.-2.mca'
add 'Vault-Hunters/region/r.0.-1.mca'
add 'Vault-Hunters/region/r.0.-2.mca'
add 'Vault-Hunters/region/r.0.-3.mca'
add 'Vault-Hunters/region/r.0.-4.mca'
add 'Vault-Hunters/region/r.0.-5.mca'
add 'Vault-Hunters/region/r.0.-6.mca'
add 'Vault-Hunters/region/r.0.-7.mca'
add 'Vault-Hunters/region/r.0.0.mca'
add 'Vault-Hunters/region/r.1.-1.mca'
add 'Vault-Hunters/region/r.1.-2.mca'
add 'Vault-Hunters/region/r.1.-3.mca'
add 'Vault-Hunters/region/r.1.-4.mca'
add 'Vault-Hunters/region/r.1.-5.mca'
add 'Vault-Hunters/region/r.1.-6.mca'
add 'Vault-Hunters/region/r.1.-7.mca'
add 'Vault-Hunters/region/r.1.0.mca'
add 'Vault-Hunters/region/r.2.-2.mca'
add 'Vault-Hunters/region/r.2.-3.mca'
add 'Vault-Hunters/region/r.2.-4.mca'
add 'Vault-Hunters/region/r.2.-5.mca'
add 'Vault-Hunters/region/r.2.-6.mca'
add 'Vault-Hunters/region/r.2.-7.mca'
add 'Vault-Hunters/region/r.3.-4.mca'
add 'Vault-Hunters/region/r.3.-5.mca'
add 'Vault-Hunters/region/r.3.-6.mca'
add 'Vault-Hunters/region/r.3.-7.mca'
add 'Vault-Hunters/region/r.3.-8.mca'
add 'Vault-Hunters/region/r.32347.-43444.mca'
add 'Vault-Hunters/region/r.4.-6.mca'
add 'Vault-Hunters/region/r.4.-7.mca'
add 'Vault-Hunters/region/r.4.-8.mca'
add 'Vault-Hunters/region/r.4.-9.mca'
add 'Vault-Hunters/region/r.43103.-8175.mca'
add 'Vault-Hunters/region/r.5.-6.mca'
add 'Vault-Hunters/region/r.5.-7.mca'
add 'Vault-Hunters/region/r.5.-8.mca'
add 'Vault-Hunters/region/r.5.-9.mca'
add 'Vault-Hunters/stats/7b32f24d-ed03-4bd7-a77c-f948cfe5052a.json'
add 'Vault-Hunters/stats/b8bed4fd-6c2f-4f4f-a216-118ed8719365.json'
add 'Vault-Hunters/stats/edaf0a37-e3b3-490a-8626-dbfac2b1f3f7.json'
add 'cron_logs/mc_cron.log'
add 'gc.log.2.current'
add 'logs/debug.log'
add 'logs/latest.log'
add 'playerSnapshots/7b32f24d-ed03-4bd7-a77c-f948cfe5052a.json'
add 'playerSnapshots/b8bed4fd-6c2f-4f4f-a216-118ed8719365.json'
add 'playerSnapshots/edaf0a37-e3b3-490a-8626-dbfac2b1f3f7.json'
add 'usercache.json'
add 'Vault-Hunters/data/map_17.dat'
add 'Vault-Hunters/data/map_18.dat'
add 'Vault-Hunters/data/map_19.dat'
add 'Vault-Hunters/dimensions/the_vault/vault/poi/r.4032.6.mca'
add 'Vault-Hunters/dimensions/the_vault/vault/poi/r.4033.6.mca'
add 'Vault-Hunters/dimensions/the_vault/vault/poi/r.4051.8.mca'
add 'Vault-Hunters/dimensions/the_vault/vault/poi/r.4051.9.mca'
add 'Vault-Hunters/dimensions/the_vault/vault/poi/r.4052.10.mca'
add 'Vault-Hunters/dimensions/the_vault/vault/poi/r.4052.7.mca'
add 'Vault-Hunters/dimensions/the_vault/vault/poi/r.4052.8.mca'
add 'Vault-Hunters/dimensions/the_vault/vault/poi/r.4052.9.mca'
add 'Vault-Hunters/dimensions/the_vault/vault/region/r.4030.6.mca'
add 'Vault-Hunters/dimensions/the_vault/vault/region/r.4031.5.mca'
add 'Vault-Hunters/dimensions/the_vault/vault/region/r.4032.5.mca'
add 'Vault-Hunters/dimensions/the_vault/vault/region/r.4050.10.mca'
add 'Vault-Hunters/dimensions/the_vault/vault/region/r.4050.7.mca'
add 'Vault-Hunters/dimensions/the_vault/vault/region/r.4050.8.mca'
add 'Vault-Hunters/dimensions/the_vault/vault/region/r.4050.9.mca'
add 'Vault-Hunters/dimensions/the_vault/vault/region/r.4051.10.mca'
add 'Vault-Hunters/dimensions/the_vault/vault/region/r.4051.7.mca'
add 'Vault-Hunters/dimensions/the_vault/vault/region/r.4051.8.mca'
add 'Vault-Hunters/dimensions/the_vault/vault/region/r.4051.9.mca'
add 'Vault-Hunters/dimensions/the_vault/vault/region/r.4052.10.mca'
add 'Vault-Hunters/dimensions/the_vault/vault/region/r.4052.7.mca'
add 'Vault-Hunters/dimensions/the_vault/vault/region/r.4052.8.mca'
add 'Vault-Hunters/dimensions/the_vault/vault/region/r.4052.9.mca'
add 'Vault-Hunters/dimensions/the_vault/vault/region/r.4053.10.mca'
add 'Vault-Hunters/dimensions/the_vault/vault/region/r.4053.7.mca'
add 'Vault-Hunters/dimensions/the_vault/vault/region/r.4053.8.mca'
add 'Vault-Hunters/dimensions/the_vault/vault/region/r.4053.9.mca'
add 'Vault-Hunters/poi/r.5.-6.mca'
add 'Vault-Hunters/poi/r.5.-8.mca'
add 'Vault-Hunters/poi/r.5.-9.mca'
add 'Vault-Hunters/poi/r.6.-8.mca'
add 'Vault-Hunters/region/r.4031.6.mca'
add 'Vault-Hunters/region/r.4031.7.mca'
add 'Vault-Hunters/region/r.4032.6.mca'
add 'Vault-Hunters/region/r.4032.7.mca'
add 'Vault-Hunters/region/r.6.-6.mca'
add 'Vault-Hunters/region/r.6.-7.mca'
add 'Vault-Hunters/region/r.6.-8.mca'
add 'Vault-Hunters/region/r.6.-9.mca'
add 'Vault-Hunters/region/r.7.-6.mca'
add 'Vault-Hunters/region/r.7.-7.mca'
add 'Vault-Hunters/region/r.7.-8.mca'
add 'Vault-Hunters/vault_inventory_backup/edaf0a37-e3b3-490a-8626-dbfac2b1f3f7/2022-10-02--19-33-49.dat'
